{"/Users/moshe/Documents/RandomProjects/redux-async/src/index.js":{"path":"/Users/moshe/Documents/RandomProjects/redux-async/src/index.js","s":{"1":1,"2":1,"3":0,"4":0,"5":0,"6":0,"7":0,"8":0,"9":1,"10":1,"11":10,"12":1,"13":3,"14":3,"15":1,"16":3,"17":3,"18":7,"19":3,"20":1,"21":2,"22":2,"23":1,"24":3,"25":7,"26":3,"27":3,"28":1,"29":4,"30":4,"31":4,"32":4,"33":4,"34":1,"35":3,"36":3,"37":3,"38":3,"39":3,"40":3,"41":1,"42":2,"43":1},"b":{"1":[1,0],"2":[0,0],"3":[10,10],"4":[1,3],"5":[4,3]},"f":{"1":0,"2":10,"3":3,"4":3,"5":3,"6":7,"7":1,"8":2,"9":3,"10":7,"11":3,"12":4,"13":4,"14":4,"15":1,"16":2},"fnMap":{"1":{"name":"(anonymous_1)","line":6,"loc":{"start":{"line":6,"column":32},"end":{"line":6,"column":50}},"skip":true},"2":{"name":"isPromise","line":9,"loc":{"start":{"line":9,"column":16},"end":{"line":9,"column":40}}},"3":{"name":"hasPromiseProps","line":12,"loc":{"start":{"line":12,"column":22},"end":{"line":12,"column":52}}},"4":{"name":"(anonymous_4)","line":13,"loc":{"start":{"line":13,"column":31},"end":{"line":13,"column":46}}},"5":{"name":"resolveProps","line":18,"loc":{"start":{"line":18,"column":19},"end":{"line":18,"column":46}}},"6":{"name":"(anonymous_6)","line":20,"loc":{"start":{"line":20,"column":25},"end":{"line":20,"column":41}}},"7":{"name":"(anonymous_7)","line":24,"loc":{"start":{"line":24,"column":34},"end":{"line":24,"column":59}}},"8":{"name":"(anonymous_8)","line":25,"loc":{"start":{"line":25,"column":24},"end":{"line":25,"column":52}}},"9":{"name":"getNonPromiseProperties","line":32,"loc":{"start":{"line":32,"column":30},"end":{"line":32,"column":68}}},"10":{"name":"(anonymous_10)","line":33,"loc":{"start":{"line":33,"column":33},"end":{"line":33,"column":48}}},"11":{"name":"(anonymous_11)","line":35,"loc":{"start":{"line":35,"column":12},"end":{"line":35,"column":32}}},"12":{"name":"promisePropsMiddleware","line":41,"loc":{"start":{"line":41,"column":0},"end":{"line":41,"column":34}}},"13":{"name":"(anonymous_13)","line":42,"loc":{"start":{"line":42,"column":9},"end":{"line":42,"column":25}}},"14":{"name":"(anonymous_14)","line":43,"loc":{"start":{"line":43,"column":11},"end":{"line":43,"column":29}}},"15":{"name":"(anonymous_15)","line":58,"loc":{"start":{"line":58,"column":40},"end":{"line":58,"column":59}}},"16":{"name":"(anonymous_16)","line":60,"loc":{"start":{"line":60,"column":9},"end":{"line":60,"column":26}}}},"statementMap":{"1":{"start":{"line":3,"column":0},"end":{"line":3,"column":26}},"2":{"start":{"line":6,"column":0},"end":{"line":6,"column":257},"skip":true},"3":{"start":{"line":6,"column":52},"end":{"line":6,"column":239},"skip":true},"4":{"start":{"line":6,"column":97},"end":{"line":6,"column":123},"skip":true},"5":{"start":{"line":6,"column":124},"end":{"line":6,"column":237},"skip":true},"6":{"start":{"line":6,"column":150},"end":{"line":6,"column":235},"skip":true},"7":{"start":{"line":6,"column":207},"end":{"line":6,"column":233},"skip":true},"8":{"start":{"line":6,"column":240},"end":{"line":6,"column":254},"skip":true},"9":{"start":{"line":8,"column":0},"end":{"line":8,"column":44}},"10":{"start":{"line":9,"column":0},"end":{"line":11,"column":2}},"11":{"start":{"line":10,"column":2},"end":{"line":10,"column":47}},"12":{"start":{"line":12,"column":0},"end":{"line":16,"column":2}},"13":{"start":{"line":13,"column":2},"end":{"line":15,"column":5}},"14":{"start":{"line":14,"column":4},"end":{"line":14,"column":31}},"15":{"start":{"line":18,"column":0},"end":{"line":30,"column":2}},"16":{"start":{"line":19,"column":2},"end":{"line":19,"column":31}},"17":{"start":{"line":20,"column":2},"end":{"line":22,"column":5}},"18":{"start":{"line":21,"column":4},"end":{"line":21,"column":21}},"19":{"start":{"line":24,"column":2},"end":{"line":29,"column":5}},"20":{"start":{"line":25,"column":4},"end":{"line":28,"column":11}},"21":{"start":{"line":26,"column":6},"end":{"line":26,"column":39}},"22":{"start":{"line":27,"column":6},"end":{"line":27,"column":17}},"23":{"start":{"line":32,"column":0},"end":{"line":39,"column":2}},"24":{"start":{"line":33,"column":2},"end":{"line":38,"column":9}},"25":{"start":{"line":34,"column":4},"end":{"line":34,"column":32}},"26":{"start":{"line":36,"column":4},"end":{"line":36,"column":24}},"27":{"start":{"line":37,"column":4},"end":{"line":37,"column":15}},"28":{"start":{"line":41,"column":0},"end":{"line":65,"column":1}},"29":{"start":{"line":42,"column":2},"end":{"line":64,"column":4}},"30":{"start":{"line":43,"column":4},"end":{"line":63,"column":6}},"31":{"start":{"line":44,"column":6},"end":{"line":44,"column":31}},"32":{"start":{"line":45,"column":6},"end":{"line":45,"column":35}},"33":{"start":{"line":47,"column":6},"end":{"line":49,"column":7}},"34":{"start":{"line":48,"column":8},"end":{"line":48,"column":28}},"35":{"start":{"line":51,"column":6},"end":{"line":51,"column":66}},"36":{"start":{"line":53,"column":6},"end":{"line":53,"column":29}},"37":{"start":{"line":54,"column":6},"end":{"line":54,"column":30}},"38":{"start":{"line":55,"column":6},"end":{"line":55,"column":30}},"39":{"start":{"line":57,"column":6},"end":{"line":57,"column":75}},"40":{"start":{"line":58,"column":6},"end":{"line":62,"column":9}},"41":{"start":{"line":59,"column":8},"end":{"line":59,"column":72}},"42":{"start":{"line":61,"column":8},"end":{"line":61,"column":111}},"43":{"start":{"line":67,"column":0},"end":{"line":67,"column":36}}},"branchMap":{"1":{"line":6,"type":"binary-expr","locations":[{"start":{"line":6,"column":15},"end":{"line":6,"column":28},"skip":true},{"start":{"line":6,"column":32},"end":{"line":6,"column":256},"skip":true}]},"2":{"line":6,"type":"if","locations":[{"start":{"line":6,"column":150},"end":{"line":6,"column":150},"skip":true},{"start":{"line":6,"column":150},"end":{"line":6,"column":150},"skip":true}]},"3":{"line":10,"type":"binary-expr","locations":[{"start":{"line":10,"column":9},"end":{"line":10,"column":12}},{"start":{"line":10,"column":16},"end":{"line":10,"column":46}}]},"4":{"line":47,"type":"if","locations":[{"start":{"line":47,"column":6},"end":{"line":47,"column":6}},{"start":{"line":47,"column":6},"end":{"line":47,"column":6}}]},"5":{"line":47,"type":"binary-expr","locations":[{"start":{"line":47,"column":10},"end":{"line":47,"column":16}},{"start":{"line":47,"column":20},"end":{"line":47,"column":52}}]}}}}