TN:
SF:/Users/moshe/Documents/RandomProjects/redux-async/src/index.js
FN:6,(anonymous_1)
FN:9,isPromise
FN:12,hasPromiseProps
FN:13,(anonymous_4)
FN:18,resolveProps
FN:20,(anonymous_6)
FN:24,(anonymous_7)
FN:25,(anonymous_8)
FN:32,getNonPromiseProperties
FN:33,(anonymous_10)
FN:35,(anonymous_11)
FN:41,promisePropsMiddleware
FN:42,(anonymous_13)
FN:43,(anonymous_14)
FN:58,(anonymous_15)
FN:60,(anonymous_16)
FNF:16
FNH:16
FNDA:0,(anonymous_1)
FNDA:10,isPromise
FNDA:3,hasPromiseProps
FNDA:3,(anonymous_4)
FNDA:3,resolveProps
FNDA:7,(anonymous_6)
FNDA:1,(anonymous_7)
FNDA:2,(anonymous_8)
FNDA:3,getNonPromiseProperties
FNDA:7,(anonymous_10)
FNDA:3,(anonymous_11)
FNDA:4,promisePropsMiddleware
FNDA:4,(anonymous_13)
FNDA:4,(anonymous_14)
FNDA:1,(anonymous_15)
FNDA:2,(anonymous_16)
DA:3,1
DA:6,1
DA:8,1
DA:9,1
DA:10,10
DA:12,1
DA:13,3
DA:14,3
DA:18,1
DA:19,3
DA:20,3
DA:21,7
DA:24,3
DA:25,1
DA:26,2
DA:27,2
DA:32,1
DA:33,3
DA:34,7
DA:36,3
DA:37,3
DA:41,1
DA:42,4
DA:43,4
DA:44,4
DA:45,4
DA:47,4
DA:48,1
DA:51,3
DA:53,3
DA:54,3
DA:55,3
DA:57,3
DA:58,3
DA:59,1
DA:61,2
DA:67,1
LF:37
LH:37
BRDA:6,1,0,1
BRDA:6,1,1,0
BRDA:6,2,0,0
BRDA:6,2,1,0
BRDA:10,3,0,10
BRDA:10,3,1,10
BRDA:47,4,0,1
BRDA:47,4,1,3
BRDA:47,5,0,4
BRDA:47,5,1,3
BRF:10
BRH:10
end_of_record
